{
  "RSpec": {
    "coverage": {
      "/Users/student/Documents/Coding/Github Projects Part 3 - cashcow and beyond/oystercard-2/spec/journey_log_spec.rb": {
        "lines": [
          1,
          null,
          1,
          5,
          1,
          null,
          1,
          1,
          null,
          null,
          1,
          1,
          1,
          null,
          null,
          1,
          1,
          1,
          null,
          null,
          null,
          1,
          1,
          1,
          1,
          null,
          null,
          1,
          1,
          1,
          null,
          null,
          null,
          1,
          1,
          1,
          null,
          null,
          null
        ]
      },
      "/Users/student/Documents/Coding/Github Projects Part 3 - cashcow and beyond/oystercard-2/lib/journey_log.rb": {
        "lines": [
          1,
          1,
          null,
          1,
          6,
          null,
          null,
          1,
          2,
          2,
          null,
          null,
          1,
          2,
          2,
          2,
          null,
          null,
          1,
          1,
          null,
          null,
          1,
          1,
          null,
          null,
          1,
          1,
          null,
          null,
          null
        ]
      },
      "/Users/student/Documents/Coding/Github Projects Part 3 - cashcow and beyond/oystercard-2/spec/journey_spec.rb": {
        "lines": [
          1,
          null,
          1,
          null,
          7,
          7,
          null,
          1,
          1,
          null,
          null,
          1,
          1,
          null,
          null,
          1,
          1,
          null,
          null,
          1,
          null,
          1,
          1,
          null,
          null,
          1,
          3,
          null,
          1,
          2,
          null,
          null,
          1,
          1,
          null,
          null,
          1,
          1,
          null,
          null,
          null,
          null
        ]
      },
      "/Users/student/Documents/Coding/Github Projects Part 3 - cashcow and beyond/oystercard-2/lib/journey.rb": {
        "lines": [
          1,
          null,
          1,
          1,
          null,
          1,
          null,
          1,
          10,
          null,
          null,
          1,
          2,
          null,
          null,
          1,
          2,
          1,
          null,
          null,
          1,
          5,
          5,
          null,
          null,
          null
        ]
      },
      "/Users/student/Documents/Coding/Github Projects Part 3 - cashcow and beyond/oystercard-2/spec/oystercard_spec.rb": {
        "lines": [
          1,
          null,
          1,
          1,
          null,
          3,
          2,
          null,
          1,
          1,
          null,
          null,
          1,
          2,
          null,
          null,
          1,
          null,
          1,
          3,
          null,
          null,
          1,
          4,
          null,
          null,
          1,
          2,
          null,
          null,
          1,
          null,
          1,
          1,
          null,
          null,
          1,
          4,
          null,
          null,
          null,
          null,
          null
        ]
      },
      "/Users/student/Documents/Coding/Github Projects Part 3 - cashcow and beyond/oystercard-2/lib/oystercard.rb": {
        "lines": [
          1,
          null,
          1,
          null,
          1,
          1,
          null,
          1,
          null,
          1,
          5,
          null,
          null,
          1,
          5,
          4,
          null,
          null,
          1,
          2,
          1,
          null,
          null,
          1,
          1,
          null,
          null,
          1,
          null,
          1,
          1,
          null,
          null,
          null
        ]
      },
      "/Users/student/Documents/Coding/Github Projects Part 3 - cashcow and beyond/oystercard-2/lib/station.rb": {
        "lines": [
          1,
          null,
          1,
          null,
          1,
          2,
          2,
          null,
          null,
          null
        ]
      },
      "/Users/student/Documents/Coding/Github Projects Part 3 - cashcow and beyond/oystercard-2/spec/station_spec.rb": {
        "lines": [
          1,
          null,
          1,
          null,
          3,
          null,
          1,
          1,
          null,
          null,
          1,
          1,
          null,
          null,
          null
        ]
      }
    },
    "timestamp": 1581617333
  }
}
